INFO: 2025-05-10 13:32:24,154: main() 'Using profile folder /home/caldeira/.config/variety/'
INFO: 2025-05-10 13:32:24,160: perform_upgrade() 'Last run version was 0.8.13 or earlier, current version is 0.8.13'
INFO: 2025-05-10 13:32:24,162: process_command() 'Received command: []'
INFO: 2025-05-10 13:32:24,163: start() 'Using data_path /usr/share/variety'
INFO: 2025-05-10 13:32:24,163: load() 'Jumble loading'
INFO: 2025-05-10 13:32:24,163: _walk_modules() 'Jumble loading module in __init__ from /usr/lib/python3.13/site-packages/variety/plugins/builtin/__init__.py'
INFO: 2025-05-10 13:32:24,163: _walk_modules() 'Jumble loading module in __init__ from /usr/lib/python3.13/site-packages/variety/plugins/builtin/display_modes/__init__.py'
INFO: 2025-05-10 13:32:24,164: _walk_modules() 'Jumble loading module in GnomeDisplayModesPlugin from /usr/lib/python3.13/site-packages/variety/plugins/builtin/display_modes/GnomeDisplayModesPlugin.py'
INFO: 2025-05-10 13:32:24,164: load() 'Jumble found plugin class: <class 'GnomeDisplayModesPlugin.GnomeDisplayModesPlugin'>: {'name': 'GnomeDisplayModesPlugin', 'description': 'Display modes relying on the underlying desktop environment', 'version': '1.0', 'author': 'Peter Levi'}'
INFO: 2025-05-10 13:32:24,164: _walk_modules() 'Jumble loading module in ResizingDisplayModesPlugin from /usr/lib/python3.13/site-packages/variety/plugins/builtin/display_modes/ResizingDisplayModesPlugin.py'
INFO: 2025-05-10 13:32:24,164: load() 'Jumble found plugin class: <class 'ResizingDisplayModesPlugin.ResizingDisplayModesPlugin'>: {'name': 'ResizingDisplayModesPlugin', 'description': 'Display modes that use image resizing within Variety', 'version': '1.0', 'author': 'Peter Levi'}'
INFO: 2025-05-10 13:32:24,164: _walk_modules() 'Jumble loading module in LegacyDisplayModesPlugin from /usr/lib/python3.13/site-packages/variety/plugins/builtin/display_modes/LegacyDisplayModesPlugin.py'
INFO: 2025-05-10 13:32:24,164: load() 'Jumble found plugin class: <class 'LegacyDisplayModesPlugin.LegacyDisplayModesPlugin'>: {'name': 'LegacyDisplayModesPlugin', 'description': 'Legacy display mode for compatibility with past Variety versions', 'version': '1.0', 'author': 'Peter Levi'}'
INFO: 2025-05-10 13:32:24,164: _walk_modules() 'Jumble loading module in MediaRSSDownloader from /usr/lib/python3.13/site-packages/variety/plugins/builtin/downloaders/MediaRSSDownloader.py'
INFO: 2025-05-10 13:32:24,165: _walk_modules() 'Jumble loading module in RedditSource from /usr/lib/python3.13/site-packages/variety/plugins/builtin/downloaders/RedditSource.py'
INFO: 2025-05-10 13:32:24,165: load() 'Jumble found plugin class: <class 'RedditSource.RedditSource'>: {'name': 'RedditSource', 'description': 'Configurable source for fetching images from Reddit', 'author': 'Peter Levi', 'version': '0.1'}'
INFO: 2025-05-10 13:32:24,165: _walk_modules() 'Jumble loading module in __init__ from /usr/lib/python3.13/site-packages/variety/plugins/builtin/downloaders/__init__.py'
INFO: 2025-05-10 13:32:24,165: _walk_modules() 'Jumble loading module in WallhavenSource from /usr/lib/python3.13/site-packages/variety/plugins/builtin/downloaders/WallhavenSource.py'
INFO: 2025-05-10 13:32:24,166: load() 'Jumble found plugin class: <class 'WallhavenSource.WallhavenSource'>: {'name': 'WallhavenSource', 'description': 'Configurable source for fetching images from Wallhaven.cc', 'author': 'Peter Levi', 'version': '0.1'}'
INFO: 2025-05-10 13:32:24,166: _walk_modules() 'Jumble loading module in WallhavenDownloader from /usr/lib/python3.13/site-packages/variety/plugins/builtin/downloaders/WallhavenDownloader.py'
INFO: 2025-05-10 13:32:24,166: _walk_modules() 'Jumble loading module in NationalGeographicDownloader from /usr/lib/python3.13/site-packages/variety/plugins/builtin/downloaders/NationalGeographicDownloader.py'
INFO: 2025-05-10 13:32:24,167: load() 'Jumble found plugin class: <class 'NationalGeographicDownloader.NationalGeographicDownloader'>: {'name': 'NationalGeographicDownloader', 'description': "National Geographic's photo of the day", 'author': 'Eric Rösch', 'version': '0.1'}'
INFO: 2025-05-10 13:32:24,167: _walk_modules() 'Jumble loading module in WallhavenLegacyDownloader from /usr/lib/python3.13/site-packages/variety/plugins/builtin/downloaders/WallhavenLegacyDownloader.py'
INFO: 2025-05-10 13:32:24,167: _walk_modules() 'Jumble loading module in EarthviewDownloader from /usr/lib/python3.13/site-packages/variety/plugins/builtin/downloaders/EarthviewDownloader.py'
INFO: 2025-05-10 13:32:24,167: load() 'Jumble found plugin class: <class 'EarthviewDownloader.EarthviewDownloader'>: {'name': 'EarthviewDownloader', 'description': 'Google Earth View Wallpapers', 'author': 'Peter Levi', 'version': '0.1'}'
INFO: 2025-05-10 13:32:24,167: _walk_modules() 'Jumble loading module in UnsplashDownloader from /usr/lib/python3.13/site-packages/variety/plugins/builtin/downloaders/UnsplashDownloader.py'
INFO: 2025-05-10 13:32:24,167: load() 'Jumble found plugin class: <class 'UnsplashDownloader.UnsplashDownloader'>: {'name': 'UnsplashDownloader', 'description': 'High-resolution photos from Unsplash.com', 'author': 'Peter Levi', 'version': '0.1'}'
INFO: 2025-05-10 13:32:24,167: _walk_modules() 'Jumble loading module in ArtStationDownloader from /usr/lib/python3.13/site-packages/variety/plugins/builtin/downloaders/ArtStationDownloader.py'
INFO: 2025-05-10 13:32:24,168: _walk_modules() 'Jumble loading module in RedditDownloader from /usr/lib/python3.13/site-packages/variety/plugins/builtin/downloaders/RedditDownloader.py'
INFO: 2025-05-10 13:32:24,168: _walk_modules() 'Jumble loading module in APODDownloader from /usr/lib/python3.13/site-packages/variety/plugins/builtin/downloaders/APODDownloader.py'
INFO: 2025-05-10 13:32:24,168: load() 'Jumble found plugin class: <class 'APODDownloader.APODDownloader'>: {'name': 'APODDownloader', 'description': 'NASA Astro Pic of the Day', 'author': 'Peter Levi', 'version': '0.1'}'
INFO: 2025-05-10 13:32:24,168: _walk_modules() 'Jumble loading module in ArtStationSource from /usr/lib/python3.13/site-packages/variety/plugins/builtin/downloaders/ArtStationSource.py'
INFO: 2025-05-10 13:32:24,168: load() 'Jumble found plugin class: <class 'ArtStationSource.ArtStationSource'>: {'name': 'ArtStationSource', 'description': 'Configurable source for fetching images from ArtStation', 'author': 'Denis Gordeev', 'version': '0.1'}'
INFO: 2025-05-10 13:32:24,168: _walk_modules() 'Jumble loading module in MediaRSSSource from /usr/lib/python3.13/site-packages/variety/plugins/builtin/downloaders/MediaRSSSource.py'
INFO: 2025-05-10 13:32:24,169: load() 'Jumble found plugin class: <class 'MediaRSSSource.MediaRSSSource'>: {'name': 'MediaRSSSource', 'description': 'Configurable source for fetching images from MediaRSS feeds', 'author': 'Peter Levi', 'version': '0.1'}'
INFO: 2025-05-10 13:32:24,169: _walk_modules() 'Jumble loading module in BingDownloader from /usr/lib/python3.13/site-packages/variety/plugins/builtin/downloaders/BingDownloader.py'
INFO: 2025-05-10 13:32:24,169: load() 'Jumble found plugin class: <class 'BingDownloader.BingDownloader'>: {'name': 'BingDownloader', 'description': 'Bing Photo of the Day', 'author': 'Peter Levi', 'version': '0.1'}'
INFO: 2025-05-10 13:32:24,169: _walk_modules() 'Jumble loading module in UnsplashConfigurableSource from /usr/lib/python3.13/site-packages/variety/plugins/builtin/downloaders/UnsplashConfigurableSource.py'
INFO: 2025-05-10 13:32:24,170: load() 'Jumble found plugin class: <class 'UnsplashConfigurableSource.UnsplashConfigurableSource'>: {'name': 'UnsplashConfigurableSource', 'description': 'Configurable source for fetching photos from Unsplash.com', 'author': 'Peter Levi', 'version': '0.1'}'
INFO: 2025-05-10 13:32:24,170: _walk_modules() 'Jumble loading module in GoodreadsSource from /usr/lib/python3.13/site-packages/variety/plugins/builtin/quotes/GoodreadsSource.py'
INFO: 2025-05-10 13:32:24,188: load() 'Jumble found plugin class: <class 'GoodreadsSource.GoodreadsSource'>: {'name': 'Goodreads', 'description': 'Fetches quotes from Goodreads.com', 'author': 'Peter Levi', 'version': '0.1'}'
INFO: 2025-05-10 13:32:24,188: _walk_modules() 'Jumble loading module in __init__ from /usr/lib/python3.13/site-packages/variety/plugins/builtin/quotes/__init__.py'
INFO: 2025-05-10 13:32:24,188: _walk_modules() 'Jumble loading module in FortuneSource from /usr/lib/python3.13/site-packages/variety/plugins/builtin/quotes/FortuneSource.py'
INFO: 2025-05-10 13:32:24,188: load() 'Jumble found plugin class: <class 'FortuneSource.FortuneSource'>: {'name': 'UNIX fortune program', 'description': 'Displays quotes using the UNIX fortune program. You may want to install additional fortune packs, e.g. fortunes-bofh-excuses.', 'author': 'Dan Jones', 'version': '0.1'}'
INFO: 2025-05-10 13:32:24,189: _walk_modules() 'Jumble loading module in QuotationsPageSource from /usr/lib/python3.13/site-packages/variety/plugins/builtin/quotes/QuotationsPageSource.py'
INFO: 2025-05-10 13:32:24,189: load() 'Jumble found plugin class: <class 'QuotationsPageSource.QuotationsPageSource'>: {'name': 'TheQuotationsPage.com', 'description': 'Fetches quotes from TheQuotationsPage.com', 'author': 'Peter Levi', 'version': '0.1'}'
INFO: 2025-05-10 13:32:24,189: _walk_modules() 'Jumble loading module in LocalFilesSource from /usr/lib/python3.13/site-packages/variety/plugins/builtin/quotes/LocalFilesSource.py'
INFO: 2025-05-10 13:32:24,189: load() 'Jumble found plugin class: <class 'LocalFilesSource.LocalFilesSource'>: {'name': 'Local text files', 'description': 'Displays quotes, defined in local text files.\nPut your own txt files in: ~/.config/variety/pluginconfig/quotes/.\nThe file format is:\n\nquote -- author\n.\nsecond quote -- another author\n.\netc...\n\nExample: http://rvelthuis.de/zips/quotes.txt', 'author': 'Peter Levi', 'version': '0.1'}'
INFO: 2025-05-10 13:32:24,189: _walk_modules() 'Jumble loading module in UrbanDictionarySource from /usr/lib/python3.13/site-packages/variety/plugins/builtin/quotes/UrbanDictionarySource.py'
INFO: 2025-05-10 13:32:24,189: load() 'Jumble found plugin class: <class 'UrbanDictionarySource.UrbanDictionarySource'>: {'name': 'Urban Dictionary', 'description': 'Displays definitions from Urban Dictionary', 'author': 'James Miller', 'version': '0.1'}'
ERROR: 2025-05-10 13:32:24,190: get_xdg_pictures_folder() 'Could not get path to Pictures folder. Defaulting to ~/Pictures.'
Traceback (most recent call last):
  File "/usr/lib/python3.13/site-packages/variety/Util.py", line 818, in get_xdg_pictures_folder
    raise Exception("Could not get path to Pictures folder. Defaulting to ~/Pictures.")
Exception: Could not get path to Pictures folder. Defaulting to ~/Pictures.
ERROR: 2025-05-10 13:32:24,191: get_xdg_pictures_folder() 'Could not get path to Pictures folder. Defaulting to ~/Pictures.'
Traceback (most recent call last):
  File "/usr/lib/python3.13/site-packages/variety/Util.py", line 818, in get_xdg_pictures_folder
    raise Exception("Could not get path to Pictures folder. Defaulting to ~/Pictures.")
Exception: Could not get path to Pictures folder. Defaulting to ~/Pictures.
INFO: 2025-05-10 13:32:24,196: log_options() 'Loaded options:'
INFO: 2025-05-10 13:32:24,196: log_options() 'change_enabled = True'
INFO: 2025-05-10 13:32:24,196: log_options() 'change_interval = 300'
INFO: 2025-05-10 13:32:24,196: log_options() 'change_on_start = False'
INFO: 2025-05-10 13:32:24,196: log_options() 'clipboard_enabled = False'
INFO: 2025-05-10 13:32:24,196: log_options() 'clipboard_hosts = ['wallhaven.cc', 'wallpapers.net', 'flickr.com', 'imgur.com', 'deviantart.com', 'interfacelift.com', 'vladstudio.com', 'imageshack.us', 'deviantart.net', 'imageshack.com']'
INFO: 2025-05-10 13:32:24,196: log_options() 'clipboard_use_whitelist = True'
INFO: 2025-05-10 13:32:24,196: log_options() 'clock_date_font = Inter 30'
INFO: 2025-05-10 13:32:24,196: log_options() 'clock_enabled = True'
INFO: 2025-05-10 13:32:24,196: log_options() 'clock_filter = -density 100 -font `fc-match -f '%{file[0]}' '%CLOCK_FONT_NAME'` -pointsize %CLOCK_FONT_SIZE -gravity SouthEast -fill '#00000044' -annotate 0x0+[%HOFFSET+58]+[%VOFFSET+108] '%H:%M' -fill white -annotate 0x0+[%HOFFSET+60]+[%VOFFSET+110] '%H:%M' -font `fc-match -f '%{file[0]}' '%DATE_FONT_NAME'` -pointsize %DATE_FONT_SIZE -fill '#00000044' -annotate 0x0+[%HOFFSET+58]+[%VOFFSET+58] '%A, %B %d' -fill white -annotate 0x0+[%HOFFSET+60]+[%VOFFSET+60] '%A, %B %d''
INFO: 2025-05-10 13:32:24,196: log_options() 'clock_font = Inter 70'
INFO: 2025-05-10 13:32:24,196: log_options() 'configfile = /home/caldeira/.config/variety/variety.conf'
INFO: 2025-05-10 13:32:24,196: log_options() 'copyto_enabled = False'
INFO: 2025-05-10 13:32:24,196: log_options() 'copyto_folder = Default'
INFO: 2025-05-10 13:32:24,196: log_options() 'desired_color = [160, 160, 160]'
INFO: 2025-05-10 13:32:24,196: log_options() 'desired_color_enabled = False'
INFO: 2025-05-10 13:32:24,197: log_options() 'download_folder = /home/caldeira/.config/variety/Downloaded'
INFO: 2025-05-10 13:32:24,197: log_options() 'download_preference_ratio = 0.9'
INFO: 2025-05-10 13:32:24,197: log_options() 'favorites_folder = /home/caldeira/.config/variety/Favorites'
INFO: 2025-05-10 13:32:24,197: log_options() 'favorites_operations = [['Downloaded', 'Copy'], ['Fetched', 'Move'], ['Others', 'Copy']]'
INFO: 2025-05-10 13:32:24,197: log_options() 'fetched_folder = /home/caldeira/.config/variety/Fetched'
INFO: 2025-05-10 13:32:24,197: log_options() 'filters = [[False, 'Keep original', ''], [False, 'Grayscale', '-type Grayscale'], [False, 'Heavy blur', '-scale 20% -blur 0x10 -resize 500%'], [False, 'Soft blur', '-scale 20% -blur 0x2 -resize 500%'], [False, 'Oil painting', '-paint 8'], [False, 'Pointilism', '-spread 10 -noise 3'], [False, 'Pixellate', '-scale 3% -scale 3333%']]'
INFO: 2025-05-10 13:32:24,197: log_options() 'get_wallpaper_script = /home/caldeira/.config/variety/scripts/get_wallpaper'
INFO: 2025-05-10 13:32:24,197: log_options() 'icon = Light'
INFO: 2025-05-10 13:32:24,197: log_options() 'internet_enabled = True'
INFO: 2025-05-10 13:32:24,197: log_options() 'lightness_enabled = False'
INFO: 2025-05-10 13:32:24,197: log_options() 'lightness_mode = 0'
INFO: 2025-05-10 13:32:24,197: log_options() 'min_rating = 4'
INFO: 2025-05-10 13:32:24,197: log_options() 'min_rating_enabled = False'
INFO: 2025-05-10 13:32:24,197: log_options() 'min_size = 80'
INFO: 2025-05-10 13:32:24,197: log_options() 'min_size_enabled = False'
INFO: 2025-05-10 13:32:24,197: log_options() 'name_regex = .*'
INFO: 2025-05-10 13:32:24,197: log_options() 'name_regex_enabled = False'
INFO: 2025-05-10 13:32:24,197: log_options() 'quota_enabled = True'
INFO: 2025-05-10 13:32:24,197: log_options() 'quota_size = 1000'
INFO: 2025-05-10 13:32:24,197: log_options() 'quotes_authors = '
INFO: 2025-05-10 13:32:24,197: log_options() 'quotes_bg_color = [80, 80, 80]'
INFO: 2025-05-10 13:32:24,197: log_options() 'quotes_bg_opacity = 55'
INFO: 2025-05-10 13:32:24,197: log_options() 'quotes_change_enabled = False'
INFO: 2025-05-10 13:32:24,197: log_options() 'quotes_change_interval = 300'
INFO: 2025-05-10 13:32:24,197: log_options() 'quotes_disabled_sources = ['Urban Dictionary']'
INFO: 2025-05-10 13:32:24,197: log_options() 'quotes_enabled = False'
INFO: 2025-05-10 13:32:24,197: log_options() 'quotes_favorites_file = /home/caldeira/.config/variety/favorite_quotes.txt'
INFO: 2025-05-10 13:32:24,197: log_options() 'quotes_font = Serif 30'
INFO: 2025-05-10 13:32:24,197: log_options() 'quotes_hpos = 100'
INFO: 2025-05-10 13:32:24,197: log_options() 'quotes_max_length = 250'
INFO: 2025-05-10 13:32:24,197: log_options() 'quotes_tags = '
INFO: 2025-05-10 13:32:24,197: log_options() 'quotes_text_color = [255, 255, 255]'
INFO: 2025-05-10 13:32:24,197: log_options() 'quotes_text_shadow = False'
INFO: 2025-05-10 13:32:24,197: log_options() 'quotes_vpos = 40'
INFO: 2025-05-10 13:32:24,197: log_options() 'quotes_width = 70'
INFO: 2025-05-10 13:32:24,197: log_options() 'safe_mode = False'
INFO: 2025-05-10 13:32:24,197: log_options() 'set_wallpaper_script = /home/caldeira/.config/variety/scripts/set_wallpaper'
INFO: 2025-05-10 13:32:24,197: log_options() 'slideshow_custom_enabled = False'
INFO: 2025-05-10 13:32:24,197: log_options() 'slideshow_custom_folder = /home/caldeira/Pictures'
INFO: 2025-05-10 13:32:24,197: log_options() 'slideshow_downloads_enabled = False'
INFO: 2025-05-10 13:32:24,197: log_options() 'slideshow_fade = 0.4'
INFO: 2025-05-10 13:32:24,197: log_options() 'slideshow_favorites_enabled = True'
INFO: 2025-05-10 13:32:24,197: log_options() 'slideshow_mode = Fullscreen'
INFO: 2025-05-10 13:32:24,197: log_options() 'slideshow_monitor = All'
INFO: 2025-05-10 13:32:24,197: log_options() 'slideshow_pan = 0.05'
INFO: 2025-05-10 13:32:24,197: log_options() 'slideshow_seconds = 6.0'
INFO: 2025-05-10 13:32:24,197: log_options() 'slideshow_sort_order = Random'
INFO: 2025-05-10 13:32:24,197: log_options() 'slideshow_sources_enabled = True'
INFO: 2025-05-10 13:32:24,197: log_options() 'slideshow_zoom = 0.2'
INFO: 2025-05-10 13:32:24,197: log_options() 'smart_enabled = False'
INFO: 2025-05-10 13:32:24,197: log_options() 'smart_notice_shown = False'
INFO: 2025-05-10 13:32:24,197: log_options() 'smart_register_shown = False'
INFO: 2025-05-10 13:32:24,197: log_options() 'sources = [[False, 'favorites', 'The Favorites folder'], [False, 'fetched', 'The Fetched folder'], [False, 'folder', '/usr/share/backgrounds'], [False, 'flickr', 'user:www.flickr.com/photos/peter-levi/;user_id:93647178@N00;'], [False, 'apod', "NASA's Astronomy Picture of the Day"], [False, 'bing', 'Bing Photo of the Day'], [False, 'earthview', 'Google Earth View Wallpapers'], [False, 'natgeo', "National Geographic's photo of the day"], [False, 'unsplash', 'High-resolution photos from Unsplash.com'], [True, 'folder', '/home/caldeira/linux-config/wallpapers']]'
INFO: 2025-05-10 13:32:24,197: log_options() 'stats_enabled = True'
INFO: 2025-05-10 13:32:24,197: log_options() 'stats_notice_shown = False'
INFO: 2025-05-10 13:32:24,197: log_options() 'sync_enabled = True'
INFO: 2025-05-10 13:32:24,197: log_options() 'use_landscape_enabled = True'
INFO: 2025-05-10 13:32:24,197: log_options() 'wallhaven_api_key = '
INFO: 2025-05-10 13:32:24,197: log_options() 'wallpaper_auto_rotate = False'
INFO: 2025-05-10 13:32:24,197: log_options() 'wallpaper_display_mode = os'
INFO: 2025-05-10 13:32:24,197: reload_config() 'No need to clear prepared queue'
INFO: 2025-05-10 13:32:24,197: clock_thread_method() 'clock thread running'
INFO: 2025-05-10 13:32:24,197: update_indicator() 'Setting file info to: /usr/share/backgrounds/gnome/adwaita-l.jpg'
INFO: 2025-05-10 13:32:24,198: load_banned() 'Missing or invalid banned URLs list, no URLs will be banned'
INFO: 2025-05-10 13:32:24,198: load_last_change_time() 'Change interval < 6 hours, ignore persisted last_change_time, wait initially the whole interval: 300'
INFO: 2025-05-10 13:32:24,198: update_indicator() 'Setting file info to: /usr/share/backgrounds/gnome/adwaita-l.jpg'
INFO: 2025-05-10 13:32:24,198: regular_change_thread() 'regular_change thread running'
INFO: 2025-05-10 13:32:24,198: prepare_thread() 'Prepare thread running'
INFO: 2025-05-10 13:32:24,198: prepare_thread() 'Prepared buffer contains 0 images'
INFO: 2025-05-10 13:32:24,199: prepare_thread() 'Preparing some images'
INFO: 2025-05-10 13:32:24,200: update_indicator_icon() 'Creating indicator'
INFO: 2025-05-10 13:32:24,200: prepare_thread() 'After search prepared buffer contains 5 images'
WARNING: 2025-05-10 13:32:24,204: create_menu() 'Variety Slideshow is not installed. This is an optional extension adding pan-and-zoom slideshows to Variety: see https://github.com/peterlevi/variety-slideshow for details'
INFO: 2025-05-10 13:32:24,204: create_indicator() 'indicator backend: AyatanaAppIndicator3'
INFO: 2025-05-10 13:32:24,210: set_from_theme_icon() 'Showing indicator icon variety-indicator from GTK theme'
INFO: 2025-05-10 13:32:24,299: do_set_wp() 'Calling do_set_wp with /usr/share/backgrounds/gnome/adwaita-l.jpg, time: 1746894744.2992525'
INFO: 2025-05-10 13:32:24,299: do_set_wp() 'Missing file or bad permissions, will not use it: /usr/share/backgrounds/gnome/adwaita-l.jpg'
INFO: 2025-05-10 13:32:25,198: clock_thread_method() 'clock_thread updates wallpaper'
INFO: 2025-05-10 13:32:25,300: do_set_wp() 'Calling do_set_wp with /usr/share/backgrounds/gnome/adwaita-l.jpg, time: 1746894745.3000212'
INFO: 2025-05-10 13:32:25,300: do_set_wp() 'Missing file or bad permissions, will not use it: /usr/share/backgrounds/gnome/adwaita-l.jpg'
INFO: 2025-05-10 13:32:25,449: reload() 'Reloading preferences dialog'
ERROR: 2025-05-10 13:32:25,449: get_xdg_pictures_folder() 'Could not get path to Pictures folder. Defaulting to ~/Pictures.'
Traceback (most recent call last):
  File "/usr/lib/python3.13/site-packages/variety/Util.py", line 818, in get_xdg_pictures_folder
    raise Exception("Could not get path to Pictures folder. Defaulting to ~/Pictures.")
Exception: Could not get path to Pictures folder. Defaulting to ~/Pictures.
ERROR: 2025-05-10 13:32:25,450: get_xdg_pictures_folder() 'Could not get path to Pictures folder. Defaulting to ~/Pictures.'
Traceback (most recent call last):
  File "/usr/lib/python3.13/site-packages/variety/Util.py", line 818, in get_xdg_pictures_folder
    raise Exception("Could not get path to Pictures folder. Defaulting to ~/Pictures.")
Exception: Could not get path to Pictures folder. Defaulting to ~/Pictures.
ERROR: 2025-05-10 13:32:25,452: get_xdg_pictures_folder() 'Could not get path to Pictures folder. Defaulting to ~/Pictures.'
Traceback (most recent call last):
  File "/usr/lib/python3.13/site-packages/variety/Util.py", line 818, in get_xdg_pictures_folder
    raise Exception("Could not get path to Pictures folder. Defaulting to ~/Pictures.")
Exception: Could not get path to Pictures folder. Defaulting to ~/Pictures.
ERROR: 2025-05-10 13:32:25,452: get_file_icon_name() 'Exception while obtaining folder icon for /home/caldeira/Pictures:'
Traceback (most recent call last):
  File "/usr/lib/python3.13/site-packages/variety/Util.py", line 803, in get_file_icon_name
    query_info = f.query_info("standard::icon", Gio.FileQueryInfoFlags.NONE, None)
gi.repository.GLib.GError: g-io-error-quark: Error when getting information for file “/home/caldeira/Pictures”: No such file or directory (1)
ERROR: 2025-05-10 13:32:25,453: get_file_icon_name() 'Exception while obtaining folder icon for /home/caldeira/Pictures:'
Traceback (most recent call last):
  File "/usr/lib/python3.13/site-packages/variety/Util.py", line 803, in get_file_icon_name
    query_info = f.query_info("standard::icon", Gio.FileQueryInfoFlags.NONE, None)
gi.repository.GLib.GError: g-io-error-quark: Error when getting information for file “/home/caldeira/Pictures”: No such file or directory (1)
INFO: 2025-05-10 13:32:26,201: trigger_download() 'Triggering download thread to check if download needed and possible'
INFO: 2025-05-10 13:32:44,199: server_options_thread() 'Fetching server options from https://gist.githubusercontent.com/peterlevi/a7d1dbf3a4e76e15760a/raw/fab10d0ce5cfe66377e7c650be56edb497aabbd4/variety_server_options.json'
INFO: 2025-05-10 13:32:44,439: server_options_thread() 'Fetched server options: {'flickr': {'min_fill_queue_interval': 1200, 'min_download_interval': 1200}, 'wallbase': {'min_fill_queue_interval': 1800, 'min_download_interval': 1800}, 'wallhaven': {'min_fill_queue_interval': 1800, 'min_download_interval': 1800}, 'wallpapers.net': {'min_fill_queue_interval': 601, 'min_download_interval': 0}, 'unsplash': {'min_fill_queue_interval': 20000000000, 'min_download_interval': 20000000000}, 'unsplash_v2': {'min_fill_queue_interval': 3600, 'min_download_interval': 1800}, 'status_message': {'0.0.1': '', '*': ''}}'
INFO: 2025-05-10 13:33:00,204: clock_thread_method() 'clock_thread updates wallpaper'
INFO: 2025-05-10 13:33:00,205: do_set_wp() 'Calling do_set_wp with /usr/share/backgrounds/gnome/adwaita-l.jpg, time: 1746894780.2050757'
INFO: 2025-05-10 13:33:00,205: do_set_wp() 'Missing file or bad permissions, will not use it: /usr/share/backgrounds/gnome/adwaita-l.jpg'
INFO: 2025-05-10 13:34:00,211: clock_thread_method() 'clock_thread updates wallpaper'
INFO: 2025-05-10 13:34:00,212: do_set_wp() 'Calling do_set_wp with /usr/share/backgrounds/gnome/adwaita-l.jpg, time: 1746894840.2121944'
INFO: 2025-05-10 13:34:00,212: do_set_wp() 'Missing file or bad permissions, will not use it: /usr/share/backgrounds/gnome/adwaita-l.jpg'
INFO: 2025-05-10 13:35:00,220: clock_thread_method() 'clock_thread updates wallpaper'
INFO: 2025-05-10 13:35:00,220: do_set_wp() 'Calling do_set_wp with /usr/share/backgrounds/gnome/adwaita-l.jpg, time: 1746894900.2203035'
INFO: 2025-05-10 13:35:00,220: do_set_wp() 'Missing file or bad permissions, will not use it: /usr/share/backgrounds/gnome/adwaita-l.jpg'
INFO: 2025-05-10 13:36:00,226: clock_thread_method() 'clock_thread updates wallpaper'
INFO: 2025-05-10 13:36:00,227: do_set_wp() 'Calling do_set_wp with /usr/share/backgrounds/gnome/adwaita-l.jpg, time: 1746894960.2270706'
INFO: 2025-05-10 13:36:00,227: do_set_wp() 'Missing file or bad permissions, will not use it: /usr/share/backgrounds/gnome/adwaita-l.jpg'
INFO: 2025-05-10 13:37:00,233: clock_thread_method() 'clock_thread updates wallpaper'
INFO: 2025-05-10 13:37:00,233: do_set_wp() 'Calling do_set_wp with /usr/share/backgrounds/gnome/adwaita-l.jpg, time: 1746895020.2334619'
INFO: 2025-05-10 13:37:00,233: do_set_wp() 'Missing file or bad permissions, will not use it: /usr/share/backgrounds/gnome/adwaita-l.jpg'
INFO: 2025-05-10 13:37:24,198: regular_change_thread() 'regular_change changes wallpaper'
INFO: 2025-05-10 13:37:24,198: set_wallpaper() 'Calling set_wallpaper with /home/caldeira/linux-config/wallpapers/blue_lookback.png'
INFO: 2025-05-10 13:37:24,198: do_set_wp() 'Calling do_set_wp with /home/caldeira/linux-config/wallpapers/blue_lookback.png, time: 1746895044.198937'
INFO: 2025-05-10 13:37:24,199: prepare_thread() 'Prepared buffer contains 4 images'
INFO: 2025-05-10 13:37:24,202: compute_trimmed_offsets() 'Trimmed offsets debug info: w:1920, h:1080, ratio:1.777778, iw:1891, ih:1009, scw:2024, sch:1080, ho:52, vo:0'
INFO: 2025-05-10 13:37:24,202: build_imagemagick_clock_cmd() 'Applying clock filter: -density 100 -font `fc-match -f '%{file[0]}' 'Inter:70'` -pointsize 70 -gravity SouthEast -fill '#00000044' -annotate 0x0+110+108 '13:37' -fill white -annotate 0x0+112+110 '13:37' -font `fc-match -f '%{file[0]}' 'Inter:30'` -pointsize 30 -fill '#00000044' -annotate 0x0+110+58 'Saturday, May 10' -fill white -annotate 0x0+112+60 'Saturday, May 10''
INFO: 2025-05-10 13:37:24,202: build_imagemagick_clock_cmd() 'ImageMagick clock cmd: convert /home/caldeira/linux-config/wallpapers/blue_lookback.png -scale 1920x1080^ -density 100 -font `fc-match -f '%{file[0]}' 'Inter:70'` -pointsize 70 -gravity SouthEast -fill '#00000044' -annotate 0x0+110+108 '13:37' -fill white -annotate 0x0+112+110 '13:37' -font `fc-match -f '%{file[0]}' 'Inter:30'` -pointsize 30 -fill '#00000044' -annotate 0x0+110+58 'Saturday, May 10' -fill white -annotate 0x0+112+60 'Saturday, May 10' /home/caldeira/.config/variety/wallpaper/wallpaper-clock-659106f80f9a152bf65837e5e3a78483.jpg'
INFO: 2025-05-10 13:37:24,492: update_indicator() 'Setting file info to: /home/caldeira/linux-config/wallpapers/blue_lookback.png'
INFO: 2025-05-10 13:37:26,199: trigger_download() 'Triggering download thread to check if download needed and possible'
INFO: 2025-05-10 13:38:00,240: clock_thread_method() 'clock_thread updates wallpaper'
INFO: 2025-05-10 13:38:00,240: do_set_wp() 'Calling do_set_wp with /home/caldeira/linux-config/wallpapers/blue_lookback.png, time: 1746895080.240772'
INFO: 2025-05-10 13:38:00,241: compute_trimmed_offsets() 'Trimmed offsets debug info: w:1920, h:1080, ratio:1.777778, iw:1891, ih:1009, scw:2024, sch:1080, ho:52, vo:0'
INFO: 2025-05-10 13:38:00,241: build_imagemagick_clock_cmd() 'Applying clock filter: -density 100 -font `fc-match -f '%{file[0]}' 'Inter:70'` -pointsize 70 -gravity SouthEast -fill '#00000044' -annotate 0x0+110+108 '13:38' -fill white -annotate 0x0+112+110 '13:38' -font `fc-match -f '%{file[0]}' 'Inter:30'` -pointsize 30 -fill '#00000044' -annotate 0x0+110+58 'Saturday, May 10' -fill white -annotate 0x0+112+60 'Saturday, May 10''
INFO: 2025-05-10 13:38:00,242: build_imagemagick_clock_cmd() 'ImageMagick clock cmd: convert /home/caldeira/linux-config/wallpapers/blue_lookback.png -scale 1920x1080^ -density 100 -font `fc-match -f '%{file[0]}' 'Inter:70'` -pointsize 70 -gravity SouthEast -fill '#00000044' -annotate 0x0+110+108 '13:38' -fill white -annotate 0x0+112+110 '13:38' -font `fc-match -f '%{file[0]}' 'Inter:30'` -pointsize 30 -fill '#00000044' -annotate 0x0+110+58 'Saturday, May 10' -fill white -annotate 0x0+112+60 'Saturday, May 10' /home/caldeira/.config/variety/wallpaper/wallpaper-clock-60dd6a97da85a9fed8f9f6fbc07a6683.jpg'
INFO: 2025-05-10 13:38:00,557: update_indicator() 'Setting file info to: /home/caldeira/linux-config/wallpapers/blue_lookback.png'
INFO: 2025-05-10 13:39:00,247: clock_thread_method() 'clock_thread updates wallpaper'
INFO: 2025-05-10 13:39:00,247: do_set_wp() 'Calling do_set_wp with /home/caldeira/linux-config/wallpapers/blue_lookback.png, time: 1746895140.2475789'
INFO: 2025-05-10 13:39:00,248: compute_trimmed_offsets() 'Trimmed offsets debug info: w:1920, h:1080, ratio:1.777778, iw:1891, ih:1009, scw:2024, sch:1080, ho:52, vo:0'
INFO: 2025-05-10 13:39:00,248: build_imagemagick_clock_cmd() 'Applying clock filter: -density 100 -font `fc-match -f '%{file[0]}' 'Inter:70'` -pointsize 70 -gravity SouthEast -fill '#00000044' -annotate 0x0+110+108 '13:39' -fill white -annotate 0x0+112+110 '13:39' -font `fc-match -f '%{file[0]}' 'Inter:30'` -pointsize 30 -fill '#00000044' -annotate 0x0+110+58 'Saturday, May 10' -fill white -annotate 0x0+112+60 'Saturday, May 10''
INFO: 2025-05-10 13:39:00,248: build_imagemagick_clock_cmd() 'ImageMagick clock cmd: convert /home/caldeira/linux-config/wallpapers/blue_lookback.png -scale 1920x1080^ -density 100 -font `fc-match -f '%{file[0]}' 'Inter:70'` -pointsize 70 -gravity SouthEast -fill '#00000044' -annotate 0x0+110+108 '13:39' -fill white -annotate 0x0+112+110 '13:39' -font `fc-match -f '%{file[0]}' 'Inter:30'` -pointsize 30 -fill '#00000044' -annotate 0x0+110+58 'Saturday, May 10' -fill white -annotate 0x0+112+60 'Saturday, May 10' /home/caldeira/.config/variety/wallpaper/wallpaper-clock-25da851584f8ed21ff7ffb5b409aa760.jpg'
INFO: 2025-05-10 13:39:00,542: update_indicator() 'Setting file info to: /home/caldeira/linux-config/wallpapers/blue_lookback.png'
INFO: 2025-05-10 13:40:00,255: clock_thread_method() 'clock_thread updates wallpaper'
INFO: 2025-05-10 13:40:00,256: do_set_wp() 'Calling do_set_wp with /home/caldeira/linux-config/wallpapers/blue_lookback.png, time: 1746895200.2560878'
INFO: 2025-05-10 13:40:00,256: compute_trimmed_offsets() 'Trimmed offsets debug info: w:1920, h:1080, ratio:1.777778, iw:1891, ih:1009, scw:2024, sch:1080, ho:52, vo:0'
INFO: 2025-05-10 13:40:00,257: build_imagemagick_clock_cmd() 'Applying clock filter: -density 100 -font `fc-match -f '%{file[0]}' 'Inter:70'` -pointsize 70 -gravity SouthEast -fill '#00000044' -annotate 0x0+110+108 '13:40' -fill white -annotate 0x0+112+110 '13:40' -font `fc-match -f '%{file[0]}' 'Inter:30'` -pointsize 30 -fill '#00000044' -annotate 0x0+110+58 'Saturday, May 10' -fill white -annotate 0x0+112+60 'Saturday, May 10''
INFO: 2025-05-10 13:40:00,257: build_imagemagick_clock_cmd() 'ImageMagick clock cmd: convert /home/caldeira/linux-config/wallpapers/blue_lookback.png -scale 1920x1080^ -density 100 -font `fc-match -f '%{file[0]}' 'Inter:70'` -pointsize 70 -gravity SouthEast -fill '#00000044' -annotate 0x0+110+108 '13:40' -fill white -annotate 0x0+112+110 '13:40' -font `fc-match -f '%{file[0]}' 'Inter:30'` -pointsize 30 -fill '#00000044' -annotate 0x0+110+58 'Saturday, May 10' -fill white -annotate 0x0+112+60 'Saturday, May 10' /home/caldeira/.config/variety/wallpaper/wallpaper-clock-84d118b619af3f33db2d6bc91e2ba3a4.jpg'
INFO: 2025-05-10 13:40:00,545: update_indicator() 'Setting file info to: /home/caldeira/linux-config/wallpapers/blue_lookback.png'
INFO: 2025-05-10 13:41:00,262: clock_thread_method() 'clock_thread updates wallpaper'
INFO: 2025-05-10 13:41:00,262: do_set_wp() 'Calling do_set_wp with /home/caldeira/linux-config/wallpapers/blue_lookback.png, time: 1746895260.2623155'
INFO: 2025-05-10 13:41:00,263: compute_trimmed_offsets() 'Trimmed offsets debug info: w:1920, h:1080, ratio:1.777778, iw:1891, ih:1009, scw:2024, sch:1080, ho:52, vo:0'
INFO: 2025-05-10 13:41:00,263: build_imagemagick_clock_cmd() 'Applying clock filter: -density 100 -font `fc-match -f '%{file[0]}' 'Inter:70'` -pointsize 70 -gravity SouthEast -fill '#00000044' -annotate 0x0+110+108 '13:41' -fill white -annotate 0x0+112+110 '13:41' -font `fc-match -f '%{file[0]}' 'Inter:30'` -pointsize 30 -fill '#00000044' -annotate 0x0+110+58 'Saturday, May 10' -fill white -annotate 0x0+112+60 'Saturday, May 10''
INFO: 2025-05-10 13:41:00,263: build_imagemagick_clock_cmd() 'ImageMagick clock cmd: convert /home/caldeira/linux-config/wallpapers/blue_lookback.png -scale 1920x1080^ -density 100 -font `fc-match -f '%{file[0]}' 'Inter:70'` -pointsize 70 -gravity SouthEast -fill '#00000044' -annotate 0x0+110+108 '13:41' -fill white -annotate 0x0+112+110 '13:41' -font `fc-match -f '%{file[0]}' 'Inter:30'` -pointsize 30 -fill '#00000044' -annotate 0x0+110+58 'Saturday, May 10' -fill white -annotate 0x0+112+60 'Saturday, May 10' /home/caldeira/.config/variety/wallpaper/wallpaper-clock-2c2d1e4525575bfd8292ca0001e23aba.jpg'
INFO: 2025-05-10 13:41:00,556: update_indicator() 'Setting file info to: /home/caldeira/linux-config/wallpapers/blue_lookback.png'
INFO: 2025-05-10 13:42:00,269: clock_thread_method() 'clock_thread updates wallpaper'
INFO: 2025-05-10 13:42:00,269: do_set_wp() 'Calling do_set_wp with /home/caldeira/linux-config/wallpapers/blue_lookback.png, time: 1746895320.269835'
INFO: 2025-05-10 13:42:00,270: compute_trimmed_offsets() 'Trimmed offsets debug info: w:1920, h:1080, ratio:1.777778, iw:1891, ih:1009, scw:2024, sch:1080, ho:52, vo:0'
INFO: 2025-05-10 13:42:00,270: build_imagemagick_clock_cmd() 'Applying clock filter: -density 100 -font `fc-match -f '%{file[0]}' 'Inter:70'` -pointsize 70 -gravity SouthEast -fill '#00000044' -annotate 0x0+110+108 '13:42' -fill white -annotate 0x0+112+110 '13:42' -font `fc-match -f '%{file[0]}' 'Inter:30'` -pointsize 30 -fill '#00000044' -annotate 0x0+110+58 'Saturday, May 10' -fill white -annotate 0x0+112+60 'Saturday, May 10''
INFO: 2025-05-10 13:42:00,270: build_imagemagick_clock_cmd() 'ImageMagick clock cmd: convert /home/caldeira/linux-config/wallpapers/blue_lookback.png -scale 1920x1080^ -density 100 -font `fc-match -f '%{file[0]}' 'Inter:70'` -pointsize 70 -gravity SouthEast -fill '#00000044' -annotate 0x0+110+108 '13:42' -fill white -annotate 0x0+112+110 '13:42' -font `fc-match -f '%{file[0]}' 'Inter:30'` -pointsize 30 -fill '#00000044' -annotate 0x0+110+58 'Saturday, May 10' -fill white -annotate 0x0+112+60 'Saturday, May 10' /home/caldeira/.config/variety/wallpaper/wallpaper-clock-74254e92bcfe7ac09a873aa6517849bf.jpg'
INFO: 2025-05-10 13:42:00,559: update_indicator() 'Setting file info to: /home/caldeira/linux-config/wallpapers/blue_lookback.png'
INFO: 2025-05-10 13:42:24,556: regular_change_thread() 'regular_change changes wallpaper'
INFO: 2025-05-10 13:42:24,556: set_wallpaper() 'Calling set_wallpaper with /home/caldeira/linux-config/wallpapers/black-hole-up-close.png'
INFO: 2025-05-10 13:42:24,556: prepare_thread() 'Prepared buffer contains 3 images'
INFO: 2025-05-10 13:42:24,557: do_set_wp() 'Calling do_set_wp with /home/caldeira/linux-config/wallpapers/black-hole-up-close.png, time: 1746895344.5571163'
INFO: 2025-05-10 13:42:24,557: compute_trimmed_offsets() 'Trimmed offsets debug info: w:1920, h:1080, ratio:1.777778, iw:4871, ih:3248, scw:1920, sch:1280, ho:0, vo:100'
INFO: 2025-05-10 13:42:24,558: build_imagemagick_clock_cmd() 'Applying clock filter: -density 100 -font `fc-match -f '%{file[0]}' 'Inter:70'` -pointsize 70 -gravity SouthEast -fill '#00000044' -annotate 0x0+58+208 '13:42' -fill white -annotate 0x0+60+210 '13:42' -font `fc-match -f '%{file[0]}' 'Inter:30'` -pointsize 30 -fill '#00000044' -annotate 0x0+58+158 'Saturday, May 10' -fill white -annotate 0x0+60+160 'Saturday, May 10''
INFO: 2025-05-10 13:42:24,558: build_imagemagick_clock_cmd() 'ImageMagick clock cmd: convert /home/caldeira/linux-config/wallpapers/black-hole-up-close.png -scale 1920x1080^ -density 100 -font `fc-match -f '%{file[0]}' 'Inter:70'` -pointsize 70 -gravity SouthEast -fill '#00000044' -annotate 0x0+58+208 '13:42' -fill white -annotate 0x0+60+210 '13:42' -font `fc-match -f '%{file[0]}' 'Inter:30'` -pointsize 30 -fill '#00000044' -annotate 0x0+58+158 'Saturday, May 10' -fill white -annotate 0x0+60+160 'Saturday, May 10' /home/caldeira/.config/variety/wallpaper/wallpaper-clock-2071ea92f7c410d42a6026fc2753b2a3.jpg'
INFO: 2025-05-10 13:42:25,155: update_indicator() 'Setting file info to: /home/caldeira/linux-config/wallpapers/black-hole-up-close.png'
INFO: 2025-05-10 13:42:26,557: trigger_download() 'Triggering download thread to check if download needed and possible'
INFO: 2025-05-10 13:43:00,277: clock_thread_method() 'clock_thread updates wallpaper'
INFO: 2025-05-10 13:43:00,277: do_set_wp() 'Calling do_set_wp with /home/caldeira/linux-config/wallpapers/black-hole-up-close.png, time: 1746895380.2776477'
INFO: 2025-05-10 13:43:00,278: compute_trimmed_offsets() 'Trimmed offsets debug info: w:1920, h:1080, ratio:1.777778, iw:4871, ih:3248, scw:1920, sch:1280, ho:0, vo:100'
INFO: 2025-05-10 13:43:00,278: build_imagemagick_clock_cmd() 'Applying clock filter: -density 100 -font `fc-match -f '%{file[0]}' 'Inter:70'` -pointsize 70 -gravity SouthEast -fill '#00000044' -annotate 0x0+58+208 '13:43' -fill white -annotate 0x0+60+210 '13:43' -font `fc-match -f '%{file[0]}' 'Inter:30'` -pointsize 30 -fill '#00000044' -annotate 0x0+58+158 'Saturday, May 10' -fill white -annotate 0x0+60+160 'Saturday, May 10''
INFO: 2025-05-10 13:43:00,278: build_imagemagick_clock_cmd() 'ImageMagick clock cmd: convert /home/caldeira/linux-config/wallpapers/black-hole-up-close.png -scale 1920x1080^ -density 100 -font `fc-match -f '%{file[0]}' 'Inter:70'` -pointsize 70 -gravity SouthEast -fill '#00000044' -annotate 0x0+58+208 '13:43' -fill white -annotate 0x0+60+210 '13:43' -font `fc-match -f '%{file[0]}' 'Inter:30'` -pointsize 30 -fill '#00000044' -annotate 0x0+58+158 'Saturday, May 10' -fill white -annotate 0x0+60+160 'Saturday, May 10' /home/caldeira/.config/variety/wallpaper/wallpaper-clock-e47eb319cac795ffefb0cd0228b7bc03.jpg'
INFO: 2025-05-10 13:43:00,879: update_indicator() 'Setting file info to: /home/caldeira/linux-config/wallpapers/black-hole-up-close.png'
INFO: 2025-05-10 13:44:00,285: clock_thread_method() 'clock_thread updates wallpaper'
INFO: 2025-05-10 13:44:00,285: do_set_wp() 'Calling do_set_wp with /home/caldeira/linux-config/wallpapers/black-hole-up-close.png, time: 1746895440.2855995'
INFO: 2025-05-10 13:44:00,286: compute_trimmed_offsets() 'Trimmed offsets debug info: w:1920, h:1080, ratio:1.777778, iw:4871, ih:3248, scw:1920, sch:1280, ho:0, vo:100'
INFO: 2025-05-10 13:44:00,286: build_imagemagick_clock_cmd() 'Applying clock filter: -density 100 -font `fc-match -f '%{file[0]}' 'Inter:70'` -pointsize 70 -gravity SouthEast -fill '#00000044' -annotate 0x0+58+208 '13:44' -fill white -annotate 0x0+60+210 '13:44' -font `fc-match -f '%{file[0]}' 'Inter:30'` -pointsize 30 -fill '#00000044' -annotate 0x0+58+158 'Saturday, May 10' -fill white -annotate 0x0+60+160 'Saturday, May 10''
INFO: 2025-05-10 13:44:00,286: build_imagemagick_clock_cmd() 'ImageMagick clock cmd: convert /home/caldeira/linux-config/wallpapers/black-hole-up-close.png -scale 1920x1080^ -density 100 -font `fc-match -f '%{file[0]}' 'Inter:70'` -pointsize 70 -gravity SouthEast -fill '#00000044' -annotate 0x0+58+208 '13:44' -fill white -annotate 0x0+60+210 '13:44' -font `fc-match -f '%{file[0]}' 'Inter:30'` -pointsize 30 -fill '#00000044' -annotate 0x0+58+158 'Saturday, May 10' -fill white -annotate 0x0+60+160 'Saturday, May 10' /home/caldeira/.config/variety/wallpaper/wallpaper-clock-4fb5cbfef4601e6df52bae7e056d1463.jpg'
